TN:
SF:src/Marquee/index.tsx
FN:34,(anonymous_1)
FN:45,Marquee
FN:53,(anonymous_3)
FN:77,(anonymous_4)
FN:97,(anonymous_5)
FN:124,(anonymous_6)
FN:135,(anonymous_7)
FN:146,(anonymous_8)
FN:224,(anonymous_9)
FN:234,(anonymous_10)
FNF:10
FNH:10
FNDA:115,(anonymous_1)
FNDA:78,Marquee
FNDA:37,(anonymous_3)
FNDA:34,(anonymous_4)
FNDA:32,(anonymous_5)
FNDA:29,(anonymous_6)
FNDA:2,(anonymous_7)
FNDA:29,(anonymous_8)
FNDA:3,(anonymous_9)
FNDA:216,(anonymous_10)
DA:1,3
DA:2,3
DA:23,3
DA:34,3
DA:35,115
DA:36,115
DA:45,3
DA:46,78
DA:47,78
DA:49,78
DA:50,78
DA:53,78
DA:54,37
DA:67,78
DA:69,78
DA:70,78
DA:71,78
DA:72,78
DA:75,78
DA:77,78
DA:78,34
DA:79,4
DA:80,2
DA:81,2
DA:82,2
DA:84,4
DA:88,78
DA:89,78
DA:90,10
DA:91,68
DA:92,2
DA:94,66
DA:97,78
DA:98,32
DA:100,32
DA:101,25
DA:102,7
DA:103,2
DA:104,5
DA:105,0
DA:106,5
DA:107,0
DA:108,5
DA:109,5
DA:110,3
DA:112,2
DA:114,5
DA:115,3
DA:117,2
DA:121,32
DA:124,78
DA:125,29
DA:126,29
DA:127,3
DA:128,0
DA:130,3
DA:132,26
DA:135,78
DA:136,2
DA:137,2
DA:138,0
DA:139,0
DA:141,0
DA:143,2
DA:146,78
DA:147,29
DA:149,29
DA:151,2
DA:154,2
DA:155,2
DA:158,2
DA:159,2
DA:162,2
DA:163,2
DA:165,2
DA:166,2
DA:168,2
DA:169,0
DA:170,0
DA:171,0
DA:173,0
DA:174,0
DA:178,2
DA:185,27
DA:187,25
DA:188,25
DA:190,2
DA:191,2
DA:193,0
DA:194,0
DA:196,0
DA:197,0
DA:199,0
DA:200,0
DA:203,27
DA:206,27
DA:208,27
DA:213,27
DA:215,27
DA:216,0
DA:217,0
DA:219,0
DA:221,0
DA:224,27
DA:232,78
DA:234,78
DA:235,216
DA:245,78
LF:108
LH:87
BRDA:35,0,0,115
BRDA:35,0,1,0
BRDA:39,1,0,3
BRDA:39,1,1,112
BRDA:63,2,0,50
BRDA:66,3,0,66
BRDA:69,4,0,78
BRDA:69,4,1,68
BRDA:70,5,0,78
BRDA:70,5,1,52
BRDA:71,6,0,78
BRDA:71,6,1,78
BRDA:78,7,0,4
BRDA:79,8,0,2
BRDA:79,8,1,2
BRDA:79,9,0,4
BRDA:79,9,1,2
BRDA:81,10,0,2
BRDA:81,11,0,2
BRDA:81,11,1,2
BRDA:89,12,0,10
BRDA:89,12,1,68
BRDA:91,13,0,2
BRDA:91,13,1,66
BRDA:100,14,0,25
BRDA:100,14,1,7
BRDA:102,15,0,2
BRDA:102,15,1,5
BRDA:104,16,0,0
BRDA:104,16,1,5
BRDA:106,17,0,0
BRDA:106,17,1,5
BRDA:108,18,0,5
BRDA:109,19,0,3
BRDA:109,19,1,2
BRDA:114,20,0,3
BRDA:114,20,1,2
BRDA:125,21,0,26
BRDA:125,21,1,3
BRDA:125,22,0,29
BRDA:125,22,1,3
BRDA:126,23,0,3
BRDA:127,24,0,0
BRDA:136,25,0,2
BRDA:136,25,1,0
BRDA:136,26,0,2
BRDA:136,26,1,0
BRDA:137,27,0,0
BRDA:138,28,0,0
BRDA:149,29,0,2
BRDA:149,29,1,27
BRDA:154,30,0,0
BRDA:154,30,1,2
BRDA:158,31,0,0
BRDA:158,31,1,2
BRDA:165,32,0,0
BRDA:165,32,1,2
BRDA:166,33,0,0
BRDA:166,33,1,2
BRDA:168,34,0,0
BRDA:168,35,0,2
BRDA:168,35,1,2
BRDA:170,36,0,0
BRDA:173,37,0,0
BRDA:185,38,0,25
BRDA:185,38,1,2
BRDA:185,38,2,0
BRDA:185,38,3,0
BRDA:185,38,4,0
BRDA:208,39,0,25
BRDA:208,39,1,2
BRDA:208,40,0,27
BRDA:208,40,1,2
BRDA:213,41,0,0
BRDA:213,41,1,27
BRDA:215,42,0,0
BRDA:216,43,0,0
BRDA:216,43,1,0
BRDA:216,44,0,0
BRDA:216,44,1,0
BRDA:232,45,0,8
BRDA:232,45,1,70
BRDA:237,46,0,26
BRDA:237,46,1,190
BRDA:247,47,0,4
BRDA:247,47,1,74
BRDA:247,48,0,12
BRDA:247,48,1,66
BRDA:248,49,0,10
BRDA:248,49,1,68
BRDA:254,50,0,10
BRDA:254,50,1,68
BRF:92
BRH:68
end_of_record
TN:
SF:src/helpers/hookHelpers/useInterval.ts
FN:3,useInterval
FN:7,(anonymous_1)
FN:12,(anonymous_2)
FN:14,(anonymous_3)
FN:15,(anonymous_4)
FNF:5
FNH:5
FNDA:15,useInterval
FNDA:12,(anonymous_1)
FNDA:12,(anonymous_2)
FNDA:8,(anonymous_3)
FNDA:9,(anonymous_4)
DA:1,2
DA:3,2
DA:4,15
DA:7,15
DA:8,12
DA:12,15
DA:13,12
DA:14,9
DA:15,9
LF:9
LH:9
BRDA:13,0,0,9
BRF:1
BRH:1
end_of_record
